c:\users\jruda\documents\school\ensc 894\project_demo_1\project_demo_1\debug\vc142.pdb
c:\users\jruda\documents\school\ensc 894\project_demo_1\project_demo_1\debug\vc142.idb
c:\users\jruda\documents\school\ensc_894\project_demo_1\debug\vc142.pdb
c:\users\jruda\documents\school\ensc_894\project_demo_1\debug\vc142.idb
c:\users\jruda\documents\school\ensc_894\project_demo_1\debug\source.obj
c:\users\jruda\documents\school\ensc_894\project_demo_1\debug\programmingdemo.obj
c:\users\jruda\documents\school\ensc_894\project_demo_1\debug\project_demo_1.pdb
c:\users\jruda\documents\school\ensc_894\project_demo_1\debug\project_demo_1.tlog\cl.command.1.tlog
c:\users\jruda\documents\school\ensc_894\project_demo_1\debug\project_demo_1.tlog\cl.read.1.tlog
c:\users\jruda\documents\school\ensc_894\project_demo_1\debug\project_demo_1.tlog\cl.write.1.tlog
c:\users\jruda\documents\school\ensc_894\project_demo_1\debug\project_demo_1.tlog\link-cvtres.read.1.tlog
c:\users\jruda\documents\school\ensc_894\project_demo_1\debug\project_demo_1.tlog\link-cvtres.write.1.tlog
c:\users\jruda\documents\school\ensc_894\project_demo_1\debug\project_demo_1.tlog\link-rc.read.1.tlog
c:\users\jruda\documents\school\ensc_894\project_demo_1\debug\project_demo_1.tlog\link-rc.write.1.tlog
c:\users\jruda\documents\school\ensc_894\project_demo_1\debug\project_demo_1.tlog\link.14764-cvtres.read.1.tlog
c:\users\jruda\documents\school\ensc_894\project_demo_1\debug\project_demo_1.tlog\link.14764-cvtres.write.1.tlog
c:\users\jruda\documents\school\ensc_894\project_demo_1\debug\project_demo_1.tlog\link.14764-rc.read.1.tlog
c:\users\jruda\documents\school\ensc_894\project_demo_1\debug\project_demo_1.tlog\link.14764-rc.write.1.tlog
c:\users\jruda\documents\school\ensc_894\project_demo_1\debug\project_demo_1.tlog\link.14764.read.1.tlog
c:\users\jruda\documents\school\ensc_894\project_demo_1\debug\project_demo_1.tlog\link.14764.write.1.tlog
c:\users\jruda\documents\school\ensc_894\project_demo_1\debug\project_demo_1.tlog\link.command.1.tlog
c:\users\jruda\documents\school\ensc_894\project_demo_1\debug\project_demo_1.tlog\link.read.1.tlog
c:\users\jruda\documents\school\ensc_894\project_demo_1\debug\project_demo_1.tlog\link.write.1.tlog
